#
# A fatal error has been detected by the Java Runtime Environment:
#
#  SIGSEGV (0xb) at pc=0x0000000114f782df, pid=7178, tid=0x000000000000ec07
#
# JRE version: Java(TM) SE Runtime Environment (8.0_161-b12) (build 1.8.0_161-b12)
# Java VM: Java HotSpot(TM) 64-Bit Server VM (25.161-b12 mixed mode bsd-amd64 compressed oops)
# Problematic frame:
# C  [libawt_lwawt.dylib+0x1c2df]  OGLSD_SetScratchSurface+0x49
#
# Failed to write core dump. Core dumps have been disabled. To enable core dumping, try "ulimit -c unlimited" before starting Java again
#
# If you would like to submit a bug report, please visit:
#   http://bugreport.java.com/bugreport/crash.jsp
# The crash happened outside the Java Virtual Machine in native code.
# See problematic frame for where to report the bug.
#

---------------  T H R E A D  ---------------

Current thread (0x00007f8ba62fd800):  JavaThread "Java2D Queue Flusher" daemon [_thread_in_native, id=60423, stack(0x0000700001561000,0x0000700001661000)]

siginfo: si_signo: 11 (SIGSEGV), si_code: 1 (SEGV_MAPERR), si_addr: 0x0000000000000002

Registers:
RAX=0x00000000ffffffff, RBX=0x0000000000000002, RCX=0x0000000000000047, RDX=0x0000000114f99d8c
RSP=0x0000700001660770, RBP=0x0000700001660790, RSI=0x00007f8bad25fa50, RDI=0x00007f8ba62fd9f8
R8 =0x00007f8ba5540040, R9 =0x0000000001a29438, R10=0x0000000118099ef8, R11=0x00000000d802b51c
R12=0x0000000000000000, R13=0x0000000118fc6410, R14=0x00007f8ba62fd9f8, R15=0x00007f8ba62fd800
RIP=0x0000000114f782df, EFLAGS=0x0000000000010202, ERR=0x0000000000000004
  TRAPNO=0x000000000000000e

Top of Stack: (sp=0x0000700001660770)
0x0000700001660770:   00007f8bad25fa50 0000000000000000
0x0000700001660780:   00007f8ba6586810 00007f8ba62fd800
0x0000700001660790:   0000700001660810 0000000114f9986a
0x00007000016607a0:   00007000016607d0 000000010e8c9380
0x00007000016607b0:   0000000000000064 0000000000000000
0x00007000016607c0:   0000000000000064 00007f8ba56b9e38
0x00007000016607d0:   0000700001660830 00007f8ba6586820
0x00007000016607e0:   0000000000000005 00007f8ba62fd9f8
0x00007000016607f0:   00000006c015a8c8 0000000000000000
0x0000700001660800:   0000700001660968 00007f8ba62fd800
0x0000700001660810:   0000700001660860 0000000118099f6a
0x0000700001660820:   00000006c015a8c8 00007f8ba62fd800
0x0000700001660830:   0000700001660880 0000000118687f68
0x0000700001660840:   00000006c0003e58 0000700001660870
0x0000700001660850:   0000000111bab090 0000000000000001
0x0000700001660860:   00000006c015a8c8 000000011966eb50
0x0000700001660870:   0000700001660968 0000000000000206
0x0000700001660880:   00007000016609d0 0000000118fc7164
0x0000700001660890:   0000000000000000 0000000000000000
0x00007000016608a0:   0000000000000000 0000700000000000
0x00007000016608b0:   00000000000000dc 0000000000000000
0x00007000016608c0:   0000700001660968 00007f8ba62fd800
0x00007000016608d0:   0000700001660940 0000000117ee6c9f
0x00007000016608e0:   0000000117ecd2bd 0000000100000000
0x00007000016608f0:   00000006c0003e58 00000006c0003e58
0x0000700001660900:   0000700000000000 0000000118fc6410
0x0000700001660910:   0000700001660968 0000000130328800
0x0000700001660920:   0000000000000003 00000006c0003e58
0x0000700001660930:   0000000000000000 0000700001660968
0x0000700001660940:   00007000016609d0 0000000117ec57a7
0x0000700001660950:   00007000016609d0 0000000117ec57a7
0x0000700001660960:   0000000000000000 00000006c0003e58 

Instructions: (pc=0x0000000114f782df)
0x0000000114f782bf:   c0 e9 82 00 00 00 48 8b 5e 10 48 85 db 75 0e bf
0x0000000114f782cf:   01 00 00 00 48 8d 15 1e 95 03 00 eb d6 49 89 fe
0x0000000114f782df:   4c 8b 3b 30 c0 e8 a7 bc 02 00 49 8b 3f 49 89 c4
0x0000000114f782ef:   48 8b 35 f2 25 06 00 30 c0 e8 f5 bd 02 00 48 85 

Register to memory mapping:

RAX=0x00000000ffffffff is an unknown value
RBX=0x0000000000000002 is an unknown value
RCX=0x0000000000000047 is an unknown value
RDX=0x0000000114f99d8c: Java_sun_java2d_opengl_OGLRenderQueue_flushBuffer+0xb5c in /Library/Java/JavaVirtualMachines/jdk1.8.0_161.jdk/Contents/Home/jre/lib/libawt_lwawt.dylib at 0x0000000114f5c000
RSP=0x0000700001660770 is pointing into the stack for thread: 0x00007f8ba62fd800
RBP=0x0000700001660790 is pointing into the stack for thread: 0x00007f8ba62fd800
RSI=0x00007f8bad25fa50 is an unknown value
RDI=0x00007f8ba62fd9f8 is an unknown value
R8 =0x00007f8ba5540040 is an unknown value
R9 =0x0000000001a29438 is an unknown value
R10=0x0000000118099ef8 is at entry_point+56 in (nmethod*)0x0000000118099d50
R11=0x00000000d802b51c is an unknown value
R12=0x0000000000000000 is an unknown value
R13=0x0000000118fc6410 is at entry_point+-912 in (nmethod*)0x0000000118fc6410
R14=0x00007f8ba62fd9f8 is an unknown value
R15=0x00007f8ba62fd800 is a thread


Stack: [0x0000700001561000,0x0000700001661000],  sp=0x0000700001660770,  free space=1021k
Native frames: (J=compiled Java code, j=interpreted, Vv=VM code, C=native code)
C  [libawt_lwawt.dylib+0x1c2df]  OGLSD_SetScratchSurface+0x49
C  [libawt_lwawt.dylib+0x3d86a]  Java_sun_java2d_opengl_OGLRenderQueue_flushBuffer+0x63a
J 3632  sun.java2d.opengl.OGLRenderQueue.flushBuffer(JI)V (0 bytes) @ 0x0000000118099f6a [0x0000000118099ec0+0xaa]
J 10795 C2 sun.java2d.opengl.OGLRenderQueue.flushBuffer()V (41 bytes) @ 0x000000011966eb50 [0x000000011966eb00+0x50]
J 11726% C1 sun.java2d.opengl.OGLRenderQueue$QueueFlusher.run()V (234 bytes) @ 0x0000000118fc7164 [0x0000000118fc67a0+0x9c4]
v  ~StubRoutines::call_stub
V  [libjvm.dylib+0x2ef9aa]  JavaCalls::call_helper(JavaValue*, methodHandle*, JavaCallArguments*, Thread*)+0x6ae
V  [libjvm.dylib+0x2f014e]  JavaCalls::call_virtual(JavaValue*, KlassHandle, Symbol*, Symbol*, JavaCallArguments*, Thread*)+0x164
V  [libjvm.dylib+0x2f02fa]  JavaCalls::call_virtual(JavaValue*, Handle, KlassHandle, Symbol*, Symbol*, Thread*)+0x4a
V  [libjvm.dylib+0x34aae5]  thread_entry(JavaThread*, Thread*)+0x7c
V  [libjvm.dylib+0x56edef]  JavaThread::thread_main_inner()+0x9b
V  [libjvm.dylib+0x5704ea]  JavaThread::run()+0x1c2
V  [libjvm.dylib+0x48d83a]  java_start(Thread*)+0xf6
C  [libsystem_pthread.dylib+0x393b]  _pthread_body+0xb4
C  [libsystem_pthread.dylib+0x3887]  _pthread_body+0x0
C  [libsystem_pthread.dylib+0x308d]  thread_start+0xd
C  0x0000000000000000

Java frames: (J=compiled Java code, j=interpreted, Vv=VM code)
J 3632  sun.java2d.opengl.OGLRenderQueue.flushBuffer(JI)V (0 bytes) @ 0x0000000118099ef8 [0x0000000118099ec0+0x38]
J 10795 C2 sun.java2d.opengl.OGLRenderQueue.flushBuffer()V (41 bytes) @ 0x000000011966eb50 [0x000000011966eb00+0x50]
J 11726% C1 sun.java2d.opengl.OGLRenderQueue$QueueFlusher.run()V (234 bytes) @ 0x0000000118fc7164 [0x0000000118fc67a0+0x9c4]
v  ~StubRoutines::call_stub

---------------  P R O C E S S  ---------------

Java Threads: ( => current thread )
  0x00007f8ba6157000 JavaThread "Timer-0" [_thread_blocked, id=5755, stack(0x0000700001767000,0x0000700001867000)]
  0x00007f8ba887b000 JavaThread "TimerQueue" daemon [_thread_blocked, id=67607, stack(0x00007000018ed000,0x00007000019ed000)]
  0x00007f8ba65a7800 JavaThread "Java2D Disposer" daemon [_thread_blocked, id=62479, stack(0x0000700001664000,0x0000700001764000)]
=>0x00007f8ba62fd800 JavaThread "Java2D Queue Flusher" daemon [_thread_in_native, id=60423, stack(0x0000700001561000,0x0000700001661000)]
  0x00007f8ba73d1000 JavaThread "DestroyJavaVM" [_thread_blocked, id=7171, stack(0x00007000002a5000,0x00007000003a5000)]
  0x00007f8ba5cc6000 JavaThread "AWT-EventQueue-1" [_thread_blocked, id=47407, stack(0x00007000013db000,0x00007000014db000)]
  0x00007f8ba5c9e800 JavaThread "AWT-Shutdown" [_thread_blocked, id=30239, stack(0x0000700001255000,0x0000700001355000)]
  0x00007f8ba5c7d800 JavaThread "AppKit Thread" daemon [_thread_in_native, id=775, stack(0x00007fff510ef000,0x00007fff518ef000)]
  0x00007f8ba6858800 JavaThread "Service Thread" daemon [_thread_blocked, id=19203, stack(0x0000700000fcc000,0x00007000010cc000)]
  0x00007f8ba60ed000 JavaThread "C1 CompilerThread2" daemon [_thread_blocked, id=18691, stack(0x0000700000ec9000,0x0000700000fc9000)]
  0x00007f8ba6858000 JavaThread "C2 CompilerThread1" daemon [_thread_blocked, id=18179, stack(0x0000700000dc6000,0x0000700000ec6000)]
  0x00007f8ba70a9800 JavaThread "C2 CompilerThread0" daemon [_thread_blocked, id=17667, stack(0x0000700000cc3000,0x0000700000dc3000)]
  0x00007f8ba703c800 JavaThread "Monitor Ctrl-Break" daemon [_thread_in_native, id=17155, stack(0x0000700000bc0000,0x0000700000cc0000)]
  0x00007f8ba5827000 JavaThread "Signal Dispatcher" daemon [_thread_blocked, id=16643, stack(0x0000700000abd000,0x0000700000bbd000)]
  0x00007f8ba6010000 JavaThread "Finalizer" daemon [_thread_blocked, id=12547, stack(0x00007000009ba000,0x0000700000aba000)]
  0x00007f8ba7033800 JavaThread "Reference Handler" daemon [_thread_blocked, id=12035, stack(0x00007000008b7000,0x00007000009b7000)]

Other Threads:
  0x00007f8ba7030800 VMThread [stack: 0x00007000007b4000,0x00007000008b4000] [id=11523]
  0x00007f8ba5833000 WatcherThread [stack: 0x00007000010cf000,0x00007000011cf000] [id=19715]

VM state:not at safepoint (normal execution)

VM Mutex/Monitor currently owned by a thread: None

Heap:
 PSYoungGen      total 758784K, used 25420K [0x000000076ab00000, 0x00000007a7e00000, 0x00000007c0000000)
  eden space 734208K, 0% used [0x000000076ab00000,0x000000076ac0b748,0x0000000797800000)
  from space 24576K, 99% used [0x00000007a6600000,0x00000007a7dc7bd0,0x00000007a7e00000)
  to   space 45056K, 0% used [0x00000007a2600000,0x00000007a2600000,0x00000007a5200000)
 ParOldGen       total 135168K, used 80522K [0x00000006c0000000, 0x00000006c8400000, 0x000000076ab00000)
  object space 135168K, 59% used [0x00000006c0000000,0x00000006c4ea2820,0x00000006c8400000)
 Metaspace       used 41133K, capacity 43732K, committed 43904K, reserved 1087488K
  class space    used 5730K, capacity 5977K, committed 6016K, reserved 1048576K

Card table byte_map: [0x000000010ffc0000,0x00000001107c1000] byte_map_base: 0x000000010c9c0000

Marking Bits: (ParMarkBitMap*) 0x000000010ec856c0
 Begin Bits: [0x0000000126ec5000, 0x000000012aec5000)
 End Bits:   [0x000000012aec5000, 0x000000012eec5000)

Polling page: 0x000000010f380000

CodeCache: size=245760Kb used=26285Kb max_used=26892Kb free=219474Kb
 bounds [0x0000000117ec5000, 0x0000000119945000, 0x0000000126ec5000]
 total_blobs=10130 nmethods=9436 adapters=605
 compilation: enabled

Compilation events (10 events):
Event: 4032.670 Thread 0x00007f8ba6858000 11745       4       javax.swing.SwingUtilities::getWindowAncestor (31 bytes)
Event: 4032.671 Thread 0x00007f8ba6858000 nmethod 11745 0x0000000118640790 code [0x00000001186408e0, 0x0000000118640978]
Event: 4032.698 Thread 0x00007f8ba60ed000 11746       3       sun.lwawt.macosx.CPlatformWindow$11::convertJComponentToTarget (9 bytes)
Event: 4032.699 Thread 0x00007f8ba60ed000 nmethod 11746 0x0000000118847490 code [0x0000000118847640, 0x0000000118847e28]
Event: 4032.699 Thread 0x00007f8ba60ed000 11747       3       sun.lwawt.macosx.CPlatformWindow$11::convertJComponentToTarget (35 bytes)
Event: 4032.699 Thread 0x00007f8ba60ed000 nmethod 11747 0x0000000119515f90 code [0x0000000119516120, 0x0000000119516748]
Event: 4116.760 Thread 0x00007f8ba60ed000 11748       3       javax.swing.RepaintManager::addDirtyRegion (37 bytes)
Event: 4116.761 Thread 0x00007f8ba60ed000 nmethod 11748 0x00000001187dbc10 code [0x00000001187dbda0, 0x00000001187dc148]
Event: 4116.899 Thread 0x00007f8ba60ed000 11749       3       sun.java2d.loops.ProcessPath$FillData::isEmpty (18 bytes)
Event: 4116.900 Thread 0x00007f8ba60ed000 nmethod 11749 0x0000000119399f50 code [0x000000011939a0c0, 0x000000011939a348]

GC Heap History (10 events):
Event: 2205.844 GC heap before
{Heap before GC invocations=26 (full 2):
 PSYoungGen      total 508928K, used 462819K [0x000000076ab00000, 0x0000000796980000, 0x00000007c0000000)
  eden space 463872K, 99% used [0x000000076ab00000,0x0000000786e98e78,0x0000000787000000)
  from space 45056K, 0% used [0x0000000787000000,0x0000000787060000,0x0000000789c00000)
  to   space 45568K, 0% used [0x0000000793d00000,0x0000000793d00000,0x0000000796980000)
 ParOldGen       total 135168K, used 64968K [0x00000006c0000000, 0x00000006c8400000, 0x000000076ab00000)
  object space 135168K, 48% used [0x00000006c0000000,0x00000006c3f721e0,0x00000006c8400000)
 Metaspace       used 40842K, capacity 43374K, committed 43648K, reserved 1087488K
  class space    used 5720K, capacity 5944K, committed 6016K, reserved 1048576K
Event: 2205.872 GC heap after
Heap after GC invocations=26 (full 2):
 PSYoungGen      total 663552K, used 25472K [0x000000076ab00000, 0x0000000796500000, 0x00000007c0000000)
  eden space 622592K, 0% used [0x000000076ab00000,0x000000076ab00000,0x0000000790b00000)
  from space 40960K, 62% used [0x0000000793d00000,0x00000007955e0250,0x0000000796500000)
  to   space 46080K, 0% used [0x0000000790b00000,0x0000000790b00000,0x0000000793800000)
 ParOldGen       total 135168K, used 65166K [0x00000006c0000000, 0x00000006c8400000, 0x000000076ab00000)
  object space 135168K, 48% used [0x00000006c0000000,0x00000006c3fa39f0,0x00000006c8400000)
 Metaspace       used 40842K, capacity 43374K, committed 43648K, reserved 1087488K
  class space    used 5720K, capacity 5944K, committed 6016K, reserved 1048576K
}
Event: 2217.236 GC heap before
{Heap before GC invocations=27 (full 2):
 PSYoungGen      total 663552K, used 626059K [0x000000076ab00000, 0x0000000796500000, 0x00000007c0000000)
  eden space 622592K, 96% used [0x000000076ab00000,0x000000078f582b78,0x0000000790b00000)
  from space 40960K, 62% used [0x0000000793d00000,0x00000007955e0250,0x0000000796500000)
  to   space 46080K, 0% used [0x0000000790b00000,0x0000000790b00000,0x0000000793800000)
 ParOldGen       total 135168K, used 65166K [0x00000006c0000000, 0x00000006c8400000, 0x000000076ab00000)
  object space 135168K, 48% used [0x00000006c0000000,0x00000006c3fa39f0,0x00000006c8400000)
 Metaspace       used 40849K, capacity 43438K, committed 43648K, reserved 1087488K
  class space    used 5720K, capacity 5944K, committed 6016K, reserved 1048576K
Event: 2217.275 GC heap after
Heap after GC invocations=27 (full 2):
 PSYoungGen      total 668672K, used 10285K [0x000000076ab00000, 0x000000079f780000, 0x00000007c0000000)
  eden space 622592K, 0% used [0x000000076ab00000,0x000000076ab00000,0x0000000790b00000)
  from space 46080K, 22% used [0x0000000790b00000,0x000000079150b420,0x0000000793800000)
  to   space 44544K, 0% used [0x000000079cc00000,0x000000079cc00000,0x000000079f780000)
 ParOldGen       total 135168K, used 80386K [0x00000006c0000000, 0x00000006c8400000, 0x000000076ab00000)
  object space 135168K, 59% used [0x00000006c0000000,0x00000006c4e80820,0x00000006c8400000)
 Metaspace       used 40849K, capacity 43438K, committed 43648K, reserved 1087488K
  class space    used 5720K, capacity 5944K, committed 6016K, reserved 1048576K
}
Event: 2223.444 GC heap before
{Heap before GC invocations=28 (full 2):
 PSYoungGen      total 668672K, used 629270K [0x000000076ab00000, 0x000000079f780000, 0x00000007c0000000)
  eden space 622592K, 99% used [0x000000076ab00000,0x000000079077a700,0x0000000790b00000)
  from space 46080K, 22% used [0x0000000790b00000,0x000000079150b420,0x0000000793800000)
  to   space 44544K, 0% used [0x000000079cc00000,0x000000079cc00000,0x000000079f780000)
 ParOldGen       total 135168K, used 80386K [0x00000006c0000000, 0x00000006c8400000, 0x000000076ab00000)
  object space 135168K, 59% used [0x00000006c0000000,0x00000006c4e80820,0x00000006c8400000)
 Metaspace       used 40856K, capacity 43438K, committed 43648K, reserved 1087488K
  class space    used 5720K, capacity 5944K, committed 6016K, reserved 1048576K
Event: 2223.448 GC heap after
Heap after GC invocations=28 (full 2):
 PSYoungGen      total 803840K, used 160K [0x000000076ab00000, 0x000000079ef80000, 0x00000007c0000000)
  eden space 767488K, 0% used [0x000000076ab00000,0x000000076ab00000,0x0000000799880000)
  from space 36352K, 0% used [0x000000079cc00000,0x000000079cc28000,0x000000079ef80000)
  to   space 44544K, 0% used [0x0000000799880000,0x0000000799880000,0x000000079c400000)
 ParOldGen       total 135168K, used 80402K [0x00000006c0000000, 0x00000006c8400000, 0x000000076ab00000)
  object space 135168K, 59% used [0x00000006c0000000,0x00000006c4e84820,0x00000006c8400000)
 Metaspace       used 40856K, capacity 43438K, committed 43648K, reserved 1087488K
  class space    used 5720K, capacity 5944K, committed 6016K, reserved 1048576K
}
Event: 2326.374 GC heap before
{Heap before GC invocations=29 (full 2):
 PSYoungGen      total 803840K, used 766825K [0x000000076ab00000, 0x000000079ef80000, 0x00000007c0000000)
  eden space 767488K, 99% used [0x000000076ab00000,0x00000007997b2478,0x0000000799880000)
  from space 36352K, 0% used [0x000000079cc00000,0x000000079cc28000,0x000000079ef80000)
  to   space 44544K, 0% used [0x0000000799880000,0x0000000799880000,0x000000079c400000)
 ParOldGen       total 135168K, used 80402K [0x00000006c0000000, 0x00000006c8400000, 0x000000076ab00000)
  object space 135168K, 59% used [0x00000006c0000000,0x00000006c4e84820,0x00000006c8400000)
 Metaspace       used 41006K, capacity 43598K, committed 43648K, reserved 1087488K
  class space    used 5728K, capacity 5976K, committed 6016K, reserved 1048576K
Event: 2326.380 GC heap after
Heap after GC invocations=29 (full 2):
 PSYoungGen      total 812032K, used 783K [0x000000076ab00000, 0x00000007a9100000, 0x00000007c0000000)
  eden space 767488K, 0% used [0x000000076ab00000,0x000000076ab00000,0x0000000799880000)
  from space 44544K, 1% used [0x0000000799880000,0x0000000799943c78,0x000000079c400000)
  to   space 44032K, 0% used [0x00000007a6600000,0x00000007a6600000,0x00000007a9100000)
 ParOldGen       total 135168K, used 80418K [0x00000006c0000000, 0x00000006c8400000, 0x000000076ab00000)
  object space 135168K, 59% used [0x00000006c0000000,0x00000006c4e88820,0x00000006c8400000)
 Metaspace       used 41006K, capacity 43598K, committed 43648K, reserved 1087488K
  class space    used 5728K, capacity 5976K, committed 6016K, reserved 1048576K
}
Event: 4228.665 GC heap before
{Heap before GC invocations=30 (full 2):
 PSYoungGen      total 812032K, used 768271K [0x000000076ab00000, 0x00000007a9100000, 0x00000007c0000000)
  eden space 767488K, 100% used [0x000000076ab00000,0x0000000799880000,0x0000000799880000)
  from space 44544K, 1% used [0x0000000799880000,0x0000000799943c78,0x000000079c400000)
  to   space 44032K, 0% used [0x00000007a6600000,0x00000007a6600000,0x00000007a9100000)
 ParOldGen       total 135168K, used 80418K [0x00000006c0000000, 0x00000006c8400000, 0x000000076ab00000)
  object space 135168K, 59% used [0x00000006c0000000,0x00000006c4e88820,0x00000006c8400000)
 Metaspace       used 41133K, capacity 43732K, committed 43904K, reserved 1087488K
  class space    used 5730K, capacity 5977K, committed 6016K, reserved 1048576K
Event: 4228.686 GC heap after
Heap after GC invocations=30 (full 2):
 PSYoungGen      total 758784K, used 24350K [0x000000076ab00000, 0x00000007a7e00000, 0x00000007c0000000)
  eden space 734208K, 0% used [0x000000076ab00000,0x000000076ab00000,0x0000000797800000)
  from space 24576K, 99% used [0x00000007a6600000,0x00000007a7dc7bd0,0x00000007a7e00000)
  to   space 45056K, 0% used [0x00000007a2600000,0x00000007a2600000,0x00000007a5200000)
 ParOldGen       total 135168K, used 80522K [0x00000006c0000000, 0x00000006c8400000, 0x000000076ab00000)
  object space 135168K, 59% used [0x00000006c0000000,0x00000006c4ea2820,0x00000006c8400000)
 Metaspace       used 41133K, capacity 43732K, committed 43904K, reserved 1087488K
  class space    used 5730K, capacity 5977K, committed 6016K, reserved 1048576K
}

Deoptimization events (10 events):
Event: 2240.862 Thread 0x00007f8ba5cc6000 Uncommon trap: reason=unstable_if action=reinterpret pc=0x0000000119444088 method=org.jdesktop.swingx.plaf.basic.core.BasicXListUI.convertLocationToRow(IIZ)I @ 8
Event: 2244.767 Thread 0x00007f8ba5cc6000 Uncommon trap: reason=unstable_if action=reinterpret pc=0x00000001195b6cc8 method=sun.java2d.SunGraphics2D.transformShape(IILjava/awt/Shape;)Ljava/awt/Shape; @ 71
Event: 2244.768 Thread 0x00007f8ba5cc6000 Uncommon trap: reason=class_check action=maybe_recompile pc=0x00000001194406b0 method=sun.java2d.SunGraphics2D.intersectRectShape(Ljava/awt/geom/Rectangle2D;Ljava/awt/Shape;ZZ)Ljava/awt/Shape; @ 172
Event: 2264.262 Thread 0x00007f8ba5cc6000 Uncommon trap: reason=unstable_if action=reinterpret pc=0x000000011936712c method=org.jdesktop.swingx.plaf.basic.core.BasicXListUI.getCellBounds(Ljavax/swing/JList;I)Ljava/awt/Rectangle; @ 19
Event: 2316.502 Thread 0x00007f8ba5cc6000 Uncommon trap: reason=class_check action=maybe_recompile pc=0x00000001194406b0 method=sun.java2d.SunGraphics2D.intersectRectShape(Ljava/awt/geom/Rectangle2D;Ljava/awt/Shape;ZZ)Ljava/awt/Shape; @ 172
Event: 2582.627 Thread 0x00007f8ba5cc6000 Uncommon trap: reason=class_check action=maybe_recompile pc=0x0000000118a0077c method=sun.java2d.SunGraphics2D.drawLine(IIII)V @ 41
Event: 2616.500 Thread 0x00007f8ba5cc6000 Uncommon trap: reason=unstable_if action=reinterpret pc=0x000000011820add8 method=core.bigrammar.grammars.Keyword.equals(Ljava/lang/Object;)Z @ 66
Event: 2617.098 Thread 0x00007f8ba5cc6000 Uncommon trap: reason=unstable_if action=reinterpret pc=0x0000000119264eb4 method=java.awt.LightweightDispatcher.processMouseEvent(Ljava/awt/event/MouseEvent;)Z @ 193
Event: 2621.985 Thread 0x00007f8ba5cc6000 Uncommon trap: reason=unstable_if action=reinterpret pc=0x0000000118a37efc method=javax.swing.RepaintManager.addDirtyRegion0(Ljava/awt/Container;IIII)V @ 108
Event: 2621.986 Thread 0x00007f8ba5cc6000 Uncommon trap: reason=unstable_if action=reinterpret pc=0x00000001190bb100 method=javax.swing.RepaintManager.addDirtyRegion0(Ljava/awt/Container;IIII)V @ 108

Classes redefined (0 events):
No events

Internal exceptions (10 events):
Event: 514.987 Thread 0x00007f8ba5c7d800 Implicit null exception at 0x0000000118b68b84 to 0x0000000118b6b8ed
Event: 997.816 Thread 0x00007f8ba5cc6000 Exception <a 'java/lang/NoSuchMethodError': java.lang.Object.$anonfun$getLeftChildren$1(Lscala/runtime/ObjectRef;Lscala/runtime/LazyRef;Lcore/bigrammar/BiGrammar;)Lscala/collection/Seq;> (0x000000076fdaeb60) thrown at [/Users/java_re/workspace/8-2-build-m
Event: 997.816 Thread 0x00007f8ba5cc6000 Exception <a 'java/lang/NoSuchMethodError': java.lang.Object.$anonfun$getLeftChildren$2(Lscala/Function1;Lcore/bigrammar/BiGrammar;)Lscala/collection/Seq;> (0x000000076fdb4798) thrown at [/Users/java_re/workspace/8-2-build-macosx-x86_64/jdk8u161/10277/hot
Event: 997.817 Thread 0x00007f8ba5cc6000 Exception <a 'java/lang/NoSuchMethodError': java.lang.Object.$anonfun$isLeftRecursive$1(Lcore/bigrammar/BiGrammar;Lscala/runtime/BooleanRef;Lscala/runtime/ObjectRef;Lscala/runtime/LazyRef;Lcore/bigrammar/BiGrammar;)Lscala/collection/Seq;> (0x000000076fdd1
Event: 1892.293 Thread 0x00007f8ba5c7d800 Implicit null exception at 0x000000011828c923 to 0x000000011828dcd9
Event: 1892.611 Thread 0x00007f8ba5cc6000 Implicit null exception at 0x000000011944b949 to 0x000000011944e2f5
Event: 1892.613 Thread 0x00007f8ba5cc6000 Implicit null exception at 0x0000000118a45c31 to 0x0000000118a460ed
Event: 1892.777 Thread 0x00007f8ba5cc6000 Implicit null exception at 0x0000000119148382 to 0x000000011914854d
Event: 2237.864 Thread 0x00007f8ba5cc6000 Implicit null exception at 0x000000011954f765 to 0x0000000119550675
Event: 2237.864 Thread 0x00007f8ba5cc6000 Implicit null exception at 0x00000001195565ce to 0x0000000119558159

Events (10 events):
Event: 4228.688 Executing VM operation: RevokeBias
Event: 4228.688 Executing VM operation: RevokeBias done
Event: 4228.688 Executing VM operation: RevokeBias
Event: 4228.688 Executing VM operation: RevokeBias done
Event: 4228.688 Executing VM operation: RevokeBias
Event: 4228.688 Executing VM operation: RevokeBias done
Event: 4228.688 Executing VM operation: RevokeBias
Event: 4228.688 Executing VM operation: RevokeBias done
Event: 4228.688 Executing VM operation: RevokeBias
Event: 4228.688 Executing VM operation: RevokeBias done


Dynamic libraries:
0x00000000182c5000 	/System/Library/Frameworks/Cocoa.framework/Versions/A/Cocoa
0x00000000182c5000 	/System/Library/Frameworks/Security.framework/Versions/A/Security
0x00000000182c5000 	/System/Library/Frameworks/ApplicationServices.framework/Versions/A/ApplicationServices
0x00000000182c5000 	/usr/lib/libz.1.dylib
0x00000000182c5000 	/usr/lib/libSystem.B.dylib
0x00000000182c5000 	/usr/lib/libobjc.A.dylib
0x00000000182c5000 	/System/Library/Frameworks/CoreFoundation.framework/Versions/A/CoreFoundation
0x00000000182c5000 	/System/Library/Frameworks/Foundation.framework/Versions/C/Foundation
0x00000000182c5000 	/System/Library/Frameworks/AppKit.framework/Versions/C/AppKit
0x00000000182c5000 	/System/Library/Frameworks/CoreData.framework/Versions/A/CoreData
0x00000000182c5000 	/System/Library/PrivateFrameworks/RemoteViewServices.framework/Versions/A/RemoteViewServices
0x00000000182c5000 	/System/Library/PrivateFrameworks/UIFoundation.framework/Versions/A/UIFoundation
0x00000000182c5000 	/System/Library/PrivateFrameworks/DFRFoundation.framework/Versions/A/DFRFoundation
0x00000000182c5000 	/usr/lib/libenergytrace.dylib
0x00000000182c5000 	/System/Library/PrivateFrameworks/SkyLight.framework/Versions/A/SkyLight
0x00000000182c5000 	/System/Library/Frameworks/CoreGraphics.framework/Versions/A/CoreGraphics
0x00000000182c5000 	/usr/lib/libScreenReader.dylib
0x00000000182c5000 	/System/Library/Frameworks/Accelerate.framework/Versions/A/Accelerate
0x00000000182c5000 	/System/Library/Frameworks/IOSurface.framework/Versions/A/IOSurface
0x00000000182c5000 	/System/Library/Frameworks/AudioToolbox.framework/Versions/A/AudioToolbox
0x00000000182c5000 	/System/Library/Frameworks/AudioUnit.framework/Versions/A/AudioUnit
0x00000000182c5000 	/System/Library/PrivateFrameworks/DataDetectorsCore.framework/Versions/A/DataDetectorsCore
0x00000000182c5000 	/System/Library/PrivateFrameworks/DesktopServicesPriv.framework/Versions/A/DesktopServicesPriv
0x00000000182c5000 	/System/Library/Frameworks/Carbon.framework/Versions/A/Frameworks/HIToolbox.framework/Versions/A/HIToolbox
0x00000000182c5000 	/usr/lib/libicucore.A.dylib
0x00000000182c5000 	/System/Library/Frameworks/QuartzCore.framework/Versions/A/QuartzCore
0x00000000182c5000 	/System/Library/Frameworks/Carbon.framework/Versions/A/Frameworks/SpeechRecognition.framework/Versions/A/SpeechRecognition
0x00000000182c5000 	/usr/lib/libauto.dylib
0x00000000182c5000 	/usr/lib/libxml2.2.dylib
0x00000000182c5000 	/System/Library/PrivateFrameworks/CoreUI.framework/Versions/A/CoreUI
0x00000000182c5000 	/System/Library/Frameworks/CoreAudio.framework/Versions/A/CoreAudio
0x00000000182c5000 	/System/Library/Frameworks/DiskArbitration.framework/Versions/A/DiskArbitration
0x00000000182c5000 	/usr/lib/liblangid.dylib
0x00000000182c5000 	/System/Library/PrivateFrameworks/MultitouchSupport.framework/Versions/A/MultitouchSupport
0x00000000182c5000 	/System/Library/Frameworks/IOKit.framework/Versions/A/IOKit
0x00000000182c5000 	/usr/lib/libDiagnosticMessagesClient.dylib
0x00000000182c5000 	/System/Library/Frameworks/CoreServices.framework/Versions/A/CoreServices
0x00000000182c5000 	/System/Library/PrivateFrameworks/PerformanceAnalysis.framework/Versions/A/PerformanceAnalysis
0x00000000182c5000 	/System/Library/PrivateFrameworks/GenerationalStorage.framework/Versions/A/GenerationalStorage
0x00000000182c5000 	/System/Library/Frameworks/OpenGL.framework/Versions/A/OpenGL
0x00000000182c5000 	/System/Library/Frameworks/CoreImage.framework/Versions/A/CoreImage
0x00000000182c5000 	/System/Library/Frameworks/CoreText.framework/Versions/A/CoreText
0x00000000182c5000 	/System/Library/Frameworks/ImageIO.framework/Versions/A/ImageIO
0x00000000182c5000 	/System/Library/PrivateFrameworks/Backup.framework/Versions/A/Backup
0x00000000182c5000 	/usr/lib/libarchive.2.dylib
0x00000000182c5000 	/System/Library/Frameworks/CFNetwork.framework/Versions/A/CFNetwork
0x00000000182c5000 	/System/Library/Frameworks/SystemConfiguration.framework/Versions/A/SystemConfiguration
0x00000000182c5000 	/usr/lib/libCRFSuite.dylib
0x00000000182c5000 	/usr/lib/libc++.1.dylib
0x00000000182c5000 	/usr/lib/libc++abi.dylib
0x00000000182c5000 	/usr/lib/system/libcache.dylib
0x00000000182c5000 	/usr/lib/system/libcommonCrypto.dylib
0x00000000182c5000 	/usr/lib/system/libcompiler_rt.dylib
0x00000000182c5000 	/usr/lib/system/libcopyfile.dylib
0x00000000182c5000 	/usr/lib/system/libcorecrypto.dylib
0x00000000182c5000 	/usr/lib/system/libdispatch.dylib
0x00000000182c5000 	/usr/lib/system/libdyld.dylib
0x00000000182c5000 	/usr/lib/system/libkeymgr.dylib
0x00000000182c5000 	/usr/lib/system/liblaunch.dylib
0x00000000182c5000 	/usr/lib/system/libmacho.dylib
0x00000000182c5000 	/usr/lib/system/libquarantine.dylib
0x00000000182c5000 	/usr/lib/system/libremovefile.dylib
0x00000000182c5000 	/usr/lib/system/libsystem_asl.dylib
0x00000000182c5000 	/usr/lib/system/libsystem_blocks.dylib
0x00000000182c5000 	/usr/lib/system/libsystem_c.dylib
0x00000000182c5000 	/usr/lib/system/libsystem_configuration.dylib
0x00000000182c5000 	/usr/lib/system/libsystem_coreservices.dylib
0x00000000182c5000 	/usr/lib/system/libsystem_coretls.dylib
0x00000000182c5000 	/usr/lib/system/libsystem_dnssd.dylib
0x00000000182c5000 	/usr/lib/system/libsystem_info.dylib
0x00000000182c5000 	/usr/lib/system/libsystem_kernel.dylib
0x00000000182c5000 	/usr/lib/system/libsystem_m.dylib
0x00000000182c5000 	/usr/lib/system/libsystem_malloc.dylib
0x00000000182c5000 	/usr/lib/system/libsystem_network.dylib
0x00000000182c5000 	/usr/lib/system/libsystem_networkextension.dylib
0x00000000182c5000 	/usr/lib/system/libsystem_notify.dylib
0x00000000182c5000 	/usr/lib/system/libsystem_platform.dylib
0x00000000182c5000 	/usr/lib/system/libsystem_pthread.dylib
0x00000000182c5000 	/usr/lib/system/libsystem_sandbox.dylib
0x00000000182c5000 	/usr/lib/system/libsystem_secinit.dylib
0x00000000182c5000 	/usr/lib/system/libsystem_symptoms.dylib
0x00000000182c5000 	/usr/lib/system/libsystem_trace.dylib
0x00000000182c5000 	/usr/lib/system/libunwind.dylib
0x00000000182c5000 	/usr/lib/system/libxpc.dylib
0x00000000182c5000 	/usr/lib/libbsm.0.dylib
0x00000000182c5000 	/usr/lib/system/libkxld.dylib
0x00000000182c5000 	/usr/lib/libcoretls.dylib
0x00000000182c5000 	/usr/lib/libcoretls_cfhelpers.dylib
0x00000000182c5000 	/usr/lib/libOpenScriptingUtil.dylib
0x00000000182c5000 	/usr/lib/libpam.2.dylib
0x00000000182c5000 	/usr/lib/libsqlite3.dylib
0x00000000182c5000 	/usr/lib/libxar.1.dylib
0x00000000182c5000 	/usr/lib/libbz2.1.0.dylib
0x00000000182c5000 	/usr/lib/liblzma.5.dylib
0x00000000182c5000 	/usr/lib/libnetwork.dylib
0x00000000182c5000 	/usr/lib/libpcap.A.dylib
0x00000000182c5000 	/System/Library/Frameworks/CoreServices.framework/Versions/A/Frameworks/FSEvents.framework/Versions/A/FSEvents
0x00000000182c5000 	/System/Library/Frameworks/CoreServices.framework/Versions/A/Frameworks/CarbonCore.framework/Versions/A/CarbonCore
0x00000000182c5000 	/System/Library/Frameworks/CoreServices.framework/Versions/A/Frameworks/Metadata.framework/Versions/A/Metadata
0x00000000182c5000 	/System/Library/Frameworks/CoreServices.framework/Versions/A/Frameworks/OSServices.framework/Versions/A/OSServices
0x00000000182c5000 	/System/Library/Frameworks/CoreServices.framework/Versions/A/Frameworks/SearchKit.framework/Versions/A/SearchKit
0x00000000182c5000 	/System/Library/Frameworks/CoreServices.framework/Versions/A/Frameworks/AE.framework/Versions/A/AE
0x00000000182c5000 	/System/Library/Frameworks/CoreServices.framework/Versions/A/Frameworks/LaunchServices.framework/Versions/A/LaunchServices
0x00000000182c5000 	/System/Library/Frameworks/CoreServices.framework/Versions/A/Frameworks/DictionaryServices.framework/Versions/A/DictionaryServices
0x00000000182c5000 	/System/Library/Frameworks/CoreServices.framework/Versions/A/Frameworks/SharedFileList.framework/Versions/A/SharedFileList
0x00000000182c5000 	/System/Library/Frameworks/NetFS.framework/Versions/A/NetFS
0x00000000182c5000 	/System/Library/PrivateFrameworks/NetAuth.framework/Versions/A/NetAuth
0x00000000182c5000 	/System/Library/PrivateFrameworks/login.framework/Versions/A/Frameworks/loginsupport.framework/Versions/A/loginsupport
0x00000000182c5000 	/System/Library/PrivateFrameworks/TCC.framework/Versions/A/TCC
0x00000000182c5000 	/usr/lib/libmecabra.dylib
0x00000000182c5000 	/System/Library/Frameworks/ApplicationServices.framework/Versions/A/Frameworks/ATS.framework/Versions/A/ATS
0x00000000182c5000 	/System/Library/Frameworks/ApplicationServices.framework/Versions/A/Frameworks/ColorSync.framework/Versions/A/ColorSync
0x00000000182c5000 	/System/Library/Frameworks/ApplicationServices.framework/Versions/A/Frameworks/HIServices.framework/Versions/A/HIServices
0x00000000182c5000 	/System/Library/Frameworks/ApplicationServices.framework/Versions/A/Frameworks/LangAnalysis.framework/Versions/A/LangAnalysis
0x00000000182c5000 	/System/Library/Frameworks/ApplicationServices.framework/Versions/A/Frameworks/PrintCore.framework/Versions/A/PrintCore
0x00000000182c5000 	/System/Library/Frameworks/ApplicationServices.framework/Versions/A/Frameworks/QD.framework/Versions/A/QD
0x00000000182c5000 	/System/Library/Frameworks/ApplicationServices.framework/Versions/A/Frameworks/SpeechSynthesis.framework/Versions/A/SpeechSynthesis
0x00000000182c5000 	/System/Library/Frameworks/Accelerate.framework/Versions/A/Frameworks/vImage.framework/Versions/A/vImage
0x00000000182c5000 	/System/Library/Frameworks/Accelerate.framework/Versions/A/Frameworks/vecLib.framework/Versions/A/vecLib
0x00000000182c5000 	/System/Library/Frameworks/Accelerate.framework/Versions/A/Frameworks/vecLib.framework/Versions/A/libvDSP.dylib
0x00000000182c5000 	/System/Library/Frameworks/Accelerate.framework/Versions/A/Frameworks/vecLib.framework/Versions/A/libBNNS.dylib
0x00000000182c5000 	/System/Library/Frameworks/Accelerate.framework/Versions/A/Frameworks/vecLib.framework/Versions/A/libQuadrature.dylib
0x00000000182c5000 	/System/Library/Frameworks/Accelerate.framework/Versions/A/Frameworks/vecLib.framework/Versions/A/libvMisc.dylib
0x00000000182c5000 	/System/Library/Frameworks/Accelerate.framework/Versions/A/Frameworks/vecLib.framework/Versions/A/libLAPACK.dylib
0x00000000182c5000 	/System/Library/Frameworks/Accelerate.framework/Versions/A/Frameworks/vecLib.framework/Versions/A/libBLAS.dylib
0x00000000182c5000 	/System/Library/Frameworks/Accelerate.framework/Versions/A/Frameworks/vecLib.framework/Versions/A/libLinearAlgebra.dylib
0x00000000182c5000 	/System/Library/Frameworks/Accelerate.framework/Versions/A/Frameworks/vecLib.framework/Versions/A/libSparseBLAS.dylib
0x00000000182c5000 	/System/Library/Frameworks/ApplicationServices.framework/Versions/A/Frameworks/ATS.framework/Versions/A/Resources/libFontParser.dylib
0x00000000182c5000 	/System/Library/Frameworks/ApplicationServices.framework/Versions/A/Frameworks/ATS.framework/Versions/A/Resources/libFontRegistry.dylib
0x00000000182c5000 	/System/Library/Frameworks/ImageIO.framework/Versions/A/Resources/libJPEG.dylib
0x00000000182c5000 	/System/Library/Frameworks/ImageIO.framework/Versions/A/Resources/libTIFF.dylib
0x00000000182c5000 	/System/Library/Frameworks/ImageIO.framework/Versions/A/Resources/libPng.dylib
0x00000000182c5000 	/System/Library/Frameworks/ImageIO.framework/Versions/A/Resources/libGIF.dylib
0x00000000182c5000 	/System/Library/Frameworks/ImageIO.framework/Versions/A/Resources/libJP2.dylib
0x00000000182c5000 	/System/Library/Frameworks/ImageIO.framework/Versions/A/Resources/libRadiance.dylib
0x00000000182c5000 	/usr/lib/libcompression.dylib
0x00000000182c5000 	/System/Library/PrivateFrameworks/AppleJPEG.framework/Versions/A/AppleJPEG
0x00000000182c5000 	/usr/lib/libcups.2.dylib
0x00000000182c5000 	/System/Library/Frameworks/Kerberos.framework/Versions/A/Kerberos
0x00000000182c5000 	/System/Library/Frameworks/GSS.framework/Versions/A/GSS
0x00000000182c5000 	/usr/lib/libresolv.9.dylib
0x00000000182c5000 	/usr/lib/libiconv.2.dylib
0x00000000182c5000 	/System/Library/PrivateFrameworks/Heimdal.framework/Versions/A/Heimdal
0x00000000182c5000 	/usr/lib/libheimdal-asn1.dylib
0x00000000182c5000 	/System/Library/Frameworks/OpenDirectory.framework/Versions/A/OpenDirectory
0x00000000182c5000 	/System/Library/PrivateFrameworks/CommonAuth.framework/Versions/A/CommonAuth
0x00000000182c5000 	/System/Library/Frameworks/OpenDirectory.framework/Versions/A/Frameworks/CFOpenDirectory.framework/Versions/A/CFOpenDirectory
0x00000000182c5000 	/System/Library/Frameworks/SecurityFoundation.framework/Versions/A/SecurityFoundation
0x00000000182c5000 	/System/Library/PrivateFrameworks/LanguageModeling.framework/Versions/A/LanguageModeling
0x00000000182c5000 	/usr/lib/libmarisa.dylib
0x00000000182c5000 	/usr/lib/libChineseTokenizer.dylib
0x00000000182c5000 	/usr/lib/libcmph.dylib
0x00000000182c5000 	/System/Library/PrivateFrameworks/CoreEmoji.framework/Versions/A/CoreEmoji
0x00000000182c5000 	/System/Library/Frameworks/ServiceManagement.framework/Versions/A/ServiceManagement
0x00000000182c5000 	/usr/lib/libxslt.1.dylib
0x00000000182c5000 	/System/Library/Frameworks/Carbon.framework/Versions/A/Frameworks/Ink.framework/Versions/A/Ink
0x00000000182c5000 	/System/Library/PrivateFrameworks/TextureIO.framework/Versions/A/TextureIO
0x00000000182c5000 	/System/Library/Frameworks/Metal.framework/Versions/A/Metal
0x00000000182c5000 	/usr/lib/libate.dylib
0x00000000182c5000 	/System/Library/PrivateFrameworks/GPUCompiler.framework/libmetal_timestamp.dylib
0x00000000182c5000 	/System/Library/Frameworks/OpenGL.framework/Versions/A/Libraries/libCoreFSCache.dylib
0x00000000182c5000 	/System/Library/PrivateFrameworks/IOAccelerator.framework/Versions/A/IOAccelerator
0x00000000182c5000 	/System/Library/Frameworks/CoreVideo.framework/Versions/A/CoreVideo
0x00000000182c5000 	/usr/lib/libFosl_dynamic.dylib
0x00000000182c5000 	/System/Library/PrivateFrameworks/MetalPerformanceShaders.framework/Versions/A/MetalPerformanceShaders
0x00000000182c5000 	/System/Library/PrivateFrameworks/FaceCore.framework/Versions/A/FaceCore
0x00000000182c5000 	/System/Library/Frameworks/OpenCL.framework/Versions/A/OpenCL
0x00000000182c5000 	/System/Library/Frameworks/OpenGL.framework/Versions/A/Libraries/libGLU.dylib
0x00000000182c5000 	/System/Library/Frameworks/OpenGL.framework/Versions/A/Libraries/libGFXShared.dylib
0x00000000182c5000 	/System/Library/Frameworks/OpenGL.framework/Versions/A/Libraries/libGL.dylib
0x00000000182c5000 	/System/Library/Frameworks/OpenGL.framework/Versions/A/Libraries/libGLImage.dylib
0x00000000182c5000 	/System/Library/Frameworks/OpenGL.framework/Versions/A/Libraries/libCVMSPluginSupport.dylib
0x00000000182c5000 	/System/Library/Frameworks/OpenGL.framework/Versions/A/Libraries/libCoreVMClient.dylib
0x00000000182c5000 	/System/Library/PrivateFrameworks/CrashReporterSupport.framework/Versions/A/CrashReporterSupport
0x00000000182c5000 	/System/Library/PrivateFrameworks/Sharing.framework/Versions/A/Sharing
0x00000000182c5000 	/System/Library/PrivateFrameworks/IconServices.framework/Versions/A/IconServices
0x00000000182c5000 	/System/Library/PrivateFrameworks/ProtocolBuffer.framework/Versions/A/ProtocolBuffer
0x00000000182c5000 	/System/Library/PrivateFrameworks/Apple80211.framework/Versions/A/Apple80211
0x00000000182c5000 	/System/Library/Frameworks/CoreWLAN.framework/Versions/A/CoreWLAN
0x00000000182c5000 	/System/Library/PrivateFrameworks/CoreUtils.framework/Versions/A/CoreUtils
0x00000000182c5000 	/System/Library/Frameworks/IOBluetooth.framework/Versions/A/IOBluetooth
0x00000000182c5000 	/System/Library/PrivateFrameworks/CoreWiFi.framework/Versions/A/CoreWiFi
0x00000000182c5000 	/System/Library/Frameworks/CoreBluetooth.framework/Versions/A/CoreBluetooth
0x00000000182c5000 	/System/Library/Frameworks/CoreDisplay.framework/Versions/A/CoreDisplay
0x00000000182c5000 	/System/Library/PrivateFrameworks/IOPresentment.framework/Versions/A/IOPresentment
0x00000000182c5000 	/System/Library/PrivateFrameworks/DSExternalDisplay.framework/Versions/A/DSExternalDisplay
0x00000000182c5000 	/System/Library/PrivateFrameworks/DebugSymbols.framework/Versions/A/DebugSymbols
0x00000000182c5000 	/System/Library/PrivateFrameworks/CoreSymbolication.framework/Versions/A/CoreSymbolication
0x00000000182c5000 	/System/Library/PrivateFrameworks/Symbolication.framework/Versions/A/Symbolication
0x00000000182c5000 	/System/Library/PrivateFrameworks/AppleFSCompression.framework/Versions/A/AppleFSCompression
0x00000000182c5000 	/System/Library/PrivateFrameworks/SpeechRecognitionCore.framework/Versions/A/SpeechRecognitionCore
0x00000000182c5000 	/System/Library/PrivateFrameworks/ChunkingLibrary.framework/Versions/A/ChunkingLibrary
0x000000010e38e000 	/Library/Java/JavaVirtualMachines/jdk1.8.0_161.jdk/Contents/Home/jre/lib/server/libjvm.dylib
0x00000000182c5000 	/usr/lib/libstdc++.6.dylib
0x000000010f33c000 	/Library/Java/JavaVirtualMachines/jdk1.8.0_161.jdk/Contents/Home/jre/lib/libverify.dylib
0x000000010f34a000 	/Library/Java/JavaVirtualMachines/jdk1.8.0_161.jdk/Contents/Home/jre/lib/libjava.dylib
0x000000010f381000 	/Library/Java/JavaVirtualMachines/jdk1.8.0_161.jdk/Contents/Home/jre/lib/libinstrument.dylib
0x000000010f3df000 	/Library/Java/JavaVirtualMachines/jdk1.8.0_161.jdk/Contents/Home/jre/lib/libzip.dylib
0x0000000114c23000 	/Library/Java/JavaVirtualMachines/jdk1.8.0_161.jdk/Contents/Home/jre/lib/libnet.dylib
0x0000000114d9e000 	/Library/Java/JavaVirtualMachines/jdk1.8.0_161.jdk/Contents/Home/jre/lib/libawt.dylib
0x0000000114e48000 	/Library/Java/JavaVirtualMachines/jdk1.8.0_161.jdk/Contents/Home/jre/lib/./libmlib_image.dylib
0x0000000114f14000 	/System/Library/Frameworks/JavaVM.framework/Versions/A/Frameworks/JavaNativeFoundation.framework/Versions/A/JavaNativeFoundation
0x0000000114f29000 	/System/Library/Frameworks/JavaVM.framework/Versions/A/Frameworks/JavaRuntimeSupport.framework/Versions/A/JavaRuntimeSupport
0x0000000114f43000 	/System/Library/Frameworks/JavaVM.framework/Versions/A/JavaVM
0x0000000114f50000 	/System/Library/PrivateFrameworks/JavaLaunching.framework/Versions/A/JavaLaunching
0x00000000182c5000 	/System/Library/Frameworks/Carbon.framework/Versions/A/Carbon
0x00000000182c5000 	/System/Library/Frameworks/Carbon.framework/Versions/A/Frameworks/CommonPanels.framework/Versions/A/CommonPanels
0x00000000182c5000 	/System/Library/Frameworks/Carbon.framework/Versions/A/Frameworks/Help.framework/Versions/A/Help
0x00000000182c5000 	/System/Library/Frameworks/Carbon.framework/Versions/A/Frameworks/ImageCapture.framework/Versions/A/ImageCapture
0x00000000182c5000 	/System/Library/Frameworks/Carbon.framework/Versions/A/Frameworks/OpenScripting.framework/Versions/A/OpenScripting
0x00000000182c5000 	/System/Library/Frameworks/Carbon.framework/Versions/A/Frameworks/Print.framework/Versions/A/Print
0x00000000182c5000 	/System/Library/Frameworks/Carbon.framework/Versions/A/Frameworks/SecurityHI.framework/Versions/A/SecurityHI
0x0000000114f5c000 	/Library/Java/JavaVirtualMachines/jdk1.8.0_161.jdk/Contents/Home/jre/lib/libawt_lwawt.dylib
0x0000000115016000 	/Library/Java/JavaVirtualMachines/jdk1.8.0_161.jdk/Contents/Home/jre/lib/./libosxapp.dylib
0x00000000182c5000 	/System/Library/Frameworks/ExceptionHandling.framework/Versions/A/ExceptionHandling
0x00000000182c5000 	/System/Library/PrivateFrameworks/CoreServicesInternal.framework/Versions/A/CoreServicesInternal
0x00000000182c5000 	/System/Library/CoreServices/RawCamera.bundle/Contents/MacOS/RawCamera
0x00000000182c5000 	/System/Library/Frameworks/Accelerate.framework/Versions/A/Frameworks/vImage.framework/Versions/A/Libraries/libCGInterfaces.dylib
0x00000000182c5000 	/System/Library/Frameworks/ApplicationServices.framework/Versions/A/Frameworks/ATS.framework/Versions/A/Resources/libTrueTypeScaler.dylib
0x0000000116f59000 	/System/Library/Frameworks/OpenGL.framework/Resources/GLEngine.bundle/GLEngine
0x00000000182c5000 	/System/Library/Frameworks/OpenGL.framework/Versions/A/Libraries/libGLProgrammability.dylib
0x000000011713e000 	/System/Library/Extensions/AppleIntelBDWGraphicsGLDriver.bundle/Contents/MacOS/AppleIntelBDWGraphicsGLDriver
0x00000000182c5000 	/System/Library/PrivateFrameworks/GPUSupport.framework/Versions/A/Libraries/libGPUSupportMercury.dylib
0x00000001178a8000 	/System/Library/Frameworks/OpenGL.framework/Resources//GLRendererFloat.bundle/GLRendererFloat
0x00000000182c5000 	/System/Library/Frameworks/OpenCL.framework/Versions/A/Libraries/libcldcpuengine.dylib
0x00000000182c5000 	/usr/lib/libcrypto.0.9.8.dylib
0x00000000182c5000 	/System/Library/PrivateFrameworks/TrustEvaluationAgent.framework/Versions/A/TrustEvaluationAgent
0x00000001178dc000 	/System/Library/Extensions/AppleIntelBDWGraphicsMTLDriver.bundle/Contents/MacOS/AppleIntelBDWGraphicsMTLDriver
0x00000000182c5000 	/System/Library/PrivateFrameworks/FamilyControls.framework/Versions/A/FamilyControls
0x00000000182c5000 	/System/Library/PrivateFrameworks/CommerceKit.framework/Versions/A/Frameworks/CommerceCore.framework/Versions/A/CommerceCore
0x00000000182c5000 	/System/Library/PrivateFrameworks/SystemAdministration.framework/Versions/A/SystemAdministration
0x00000000182c5000 	/System/Library/PrivateFrameworks/AppContainer.framework/Versions/A/AppContainer
0x00000000182c5000 	/System/Library/PrivateFrameworks/SecCodeWrapper.framework/Versions/A/SecCodeWrapper
0x00000000182c5000 	/System/Library/Frameworks/DirectoryService.framework/Versions/A/DirectoryService
0x00000000182c5000 	/System/Library/PrivateFrameworks/DiskImages.framework/Versions/A/DiskImages
0x00000000182c5000 	/System/Library/PrivateFrameworks/LoginUIKit.framework/Versions/A/Frameworks/LoginUICore.framework/Versions/A/LoginUICore
0x00000000182c5000 	/usr/lib/libCoreStorage.dylib
0x00000000182c5000 	/usr/lib/libcsfde.dylib
0x00000000182c5000 	/usr/lib/libodfde.dylib
0x00000000182c5000 	/System/Library/Frameworks/DiscRecording.framework/Versions/A/DiscRecording
0x00000000182c5000 	/usr/lib/libcurl.4.dylib
0x00000000182c5000 	/System/Library/PrivateFrameworks/MediaKit.framework/Versions/A/MediaKit
0x00000000182c5000 	/System/Library/PrivateFrameworks/ProtectedCloudStorage.framework/Versions/A/ProtectedCloudStorage
0x00000000182c5000 	/System/Library/PrivateFrameworks/EFILogin.framework/Versions/A/EFILogin
0x00000000182c5000 	/usr/lib/libutil.dylib
0x00000000182c5000 	/System/Library/Frameworks/LDAP.framework/Versions/A/LDAP
0x00000000182c5000 	/usr/lib/libsasl2.2.dylib
0x00000000182c5000 	/System/Library/PrivateFrameworks/CoreDaemon.framework/Versions/B/CoreDaemon
0x00000000182c5000 	/System/Library/PrivateFrameworks/AppleSRP.framework/Versions/A/AppleSRP
0x00000000182c5000 	/System/Library/PrivateFrameworks/APFS.framework/Versions/A/APFS
0x00000001300f7000 	/Library/Java/JavaVirtualMachines/jdk1.8.0_161.jdk/Contents/Home/jre/lib/libfontmanager.dylib
0x00000000182c5000 	/System/Library/PrivateFrameworks/ViewBridge.framework/Versions/A/ViewBridge
0x00000000182c5000 	/System/Library/PrivateFrameworks/XPCService.framework/Versions/A/XPCService
0x00000000182c5000 	/System/Library/PrivateFrameworks/AppSandbox.framework/Versions/A/AppSandbox
0x00000000182c5000 	/usr/lib/libsandbox.1.dylib
0x00000000182c5000 	/usr/lib/libMatch.1.dylib
0x0000000130c85000 	/Library/Java/JavaVirtualMachines/jdk1.8.0_161.jdk/Contents/Home/jre/lib/libosxui.dylib
0x0000000115519000 	/Library/Java/JavaVirtualMachines/jdk1.8.0_161.jdk/Contents/Home/jre/lib/libnio.dylib
0x000000013231e000 	/Library/Java/JavaVirtualMachines/jdk1.8.0_161.jdk/Contents/Home/jre/lib/libdcpr.dylib

VM Arguments:
jvm_args: -Dvisualvm.id=371460583192030 -javaagent:/Applications/IntelliJ IDEA CE.app/Contents/lib/idea_rt.jar=56843:/Applications/IntelliJ IDEA CE.app/Contents/bin -Dfile.encoding=UTF-8 
java_command: application.Program
java_class_path (initial): /Library/Java/JavaVirtualMachines/jdk1.8.0_161.jdk/Contents/Home/jre/lib/charsets.jar:/Library/Java/JavaVirtualMachines/jdk1.8.0_161.jdk/Contents/Home/jre/lib/deploy.jar:/Library/Java/JavaVirtualMachines/jdk1.8.0_161.jdk/Contents/Home/jre/lib/ext/cldrdata.jar:/Library/Java/JavaVirtualMachines/jdk1.8.0_161.jdk/Contents/Home/jre/lib/ext/dnsns.jar:/Library/Java/JavaVirtualMachines/jdk1.8.0_161.jdk/Contents/Home/jre/lib/ext/jaccess.jar:/Library/Java/JavaVirtualMachines/jdk1.8.0_161.jdk/Contents/Home/jre/lib/ext/jfxrt.jar:/Library/Java/JavaVirtualMachines/jdk1.8.0_161.jdk/Contents/Home/jre/lib/ext/localedata.jar:/Library/Java/JavaVirtualMachines/jdk1.8.0_161.jdk/Contents/Home/jre/lib/ext/nashorn.jar:/Library/Java/JavaVirtualMachines/jdk1.8.0_161.jdk/Contents/Home/jre/lib/ext/sunec.jar:/Library/Java/JavaVirtualMachines/jdk1.8.0_161.jdk/Contents/Home/jre/lib/ext/sunjce_provider.jar:/Library/Java/JavaVirtualMachines/jdk1.8.0_161.jdk/Contents/Home/jre/lib/ext/sunpkcs11.jar:/Library/Java/JavaVirtualMachines/jdk1.8.0_161.jdk/Contents/Home/jre/lib/ext/zipfs.jar:/Library/Java/JavaVirtualMachines/jdk1.8.0_161.jdk/Contents/Home/jre/lib/javaws.jar:/Library/Java/JavaVirtualMachines/jdk1.8.0_161.jdk/Contents/Home/jre/lib/jce.jar:/Library/Java/JavaVirtualMachines/jdk1.8.0_161.jdk/Contents/Home/jre/lib/jfr.jar:/Library/Java/JavaVirtualMachines/jdk1.8.0_161.jdk/Contents/Home/jre/lib/jfxswt.jar:/Library/Java/JavaVirtualMachines/jdk1.8.0_161.jdk/Contents/Home/jre/lib/jsse.jar:/Library/Java/JavaVirtualMachines/jdk1.8.0_161.jdk/Contents/Home/jre/lib/management-agent.jar:/Library/Java/JavaVirtualMachines/jdk1.8.0_161.jdk/Contents/Home/jre/lib/plugin.jar:/Library/Java/JavaVirtualMachines/jdk1.8.0_161.jdk/Contents/Home/jre/lib/resources.jar:/Library/Java/JavaVirtualMachines/jdk1.8.0_161.jdk/Contents/Home/jre/lib/rt.jar:/Library/Java/JavaVirtualMachines/jdk1.8.0_161.jdk/Contents/Home/lib/ant-javafx.jar:/Library/Java/JavaVirtualMachines/jdk1.8.0_161.jdk/Contents/Home
Launcher Type: SUN_STANDARD

Environment Variables:
PATH=/usr/local/bin:/usr/bin:/bin:/usr/sbin:/sbin:/usr/local/share/dotnet:/Library/Frameworks/Mono.framework/Versions/Current/Commands:/Users/rwillems/.rvm/bin
SHELL=/bin/bash

Signal Handlers:
SIGSEGV: [libjvm.dylib+0x5b5439], sa_mask[0]=11111111011111110111111111111111, sa_flags=SA_ONSTACK|SA_RESTART|SA_SIGINFO
SIGBUS: [libjvm.dylib+0x5b5439], sa_mask[0]=11111111011111110111111111111111, sa_flags=SA_RESTART|SA_SIGINFO
SIGFPE: [libjvm.dylib+0x48ae24], sa_mask[0]=11111111011111110111111111111111, sa_flags=SA_RESTART|SA_SIGINFO
SIGPIPE: [libjvm.dylib+0x48ae24], sa_mask[0]=11111111011111110111111111111111, sa_flags=SA_RESTART|SA_SIGINFO
SIGXFSZ: [libjvm.dylib+0x48ae24], sa_mask[0]=11111111011111110111111111111111, sa_flags=SA_RESTART|SA_SIGINFO
SIGILL: [libjvm.dylib+0x48ae24], sa_mask[0]=11111111011111110111111111111111, sa_flags=SA_RESTART|SA_SIGINFO
SIGUSR1: SIG_DFL, sa_mask[0]=00000000000000000000000000000000, sa_flags=none
SIGUSR2: [libjvm.dylib+0x48a942], sa_mask[0]=00100000000000000000000000000000, sa_flags=SA_RESTART|SA_SIGINFO
SIGHUP: [libjvm.dylib+0x488f0d], sa_mask[0]=11111111011111110111111111111111, sa_flags=SA_RESTART|SA_SIGINFO
SIGINT: [libjvm.dylib+0x488f0d], sa_mask[0]=11111111011111110111111111111111, sa_flags=SA_RESTART|SA_SIGINFO
SIGTERM: [libjvm.dylib+0x488f0d], sa_mask[0]=11111111011111110111111111111111, sa_flags=SA_RESTART|SA_SIGINFO
SIGQUIT: [libjvm.dylib+0x488f0d], sa_mask[0]=11111111011111110111111111111111, sa_flags=SA_RESTART|SA_SIGINFO


---------------  S Y S T E M  ---------------

OS:Bsduname:Darwin 16.7.0 Darwin Kernel Version 16.7.0: Thu Jan 11 22:59:40 PST 2018; root:xnu-3789.73.8~1/RELEASE_X86_64 x86_64
rlimit: STACK 8192k, CORE 0k, NPROC 709, NOFILE 10240, AS infinity
load average:2.49 6.52 5.83

CPU:total 4 (initial active 4) (2 cores per cpu, 2 threads per core) family 6 model 61 stepping 4, cmov, cx8, fxsr, mmx, sse, sse2, sse3, ssse3, sse4.1, sse4.2, popcnt, avx, avx2, aes, clmul, erms, 3dnowpref, lzcnt, ht, tsc, tscinvbit, bmi1, bmi2, adx

Memory: 4k page, physical 16777216k(672060k free)

/proc/meminfo:


vm_info: Java HotSpot(TM) 64-Bit Server VM (25.161-b12) for bsd-amd64 JRE (1.8.0_161-b12), built on Dec 19 2017 16:22:20 by "java_re" with gcc 4.2.1 (Based on Apple Inc. build 5658) (LLVM build 2336.11.00)

time: Tue Mar  6 11:31:05 2018
elapsed time: 4228 seconds (0d 1h 10m 28s)

